2019-01-29 21:29:19.392  INFO 6416 --- [main] com.example.demoMbaits.Application       : Starting Application on LAPTOP-DJ4NAUS9 with PID 6416 (E:\iedaWorkspace\demoMbaits\target\classes started by yuemingdeng in E:\iedaWorkspace\demoMbaits)
2019-01-29 21:29:19.396  INFO 6416 --- [main] com.example.demoMbaits.Application       : No active profile set, falling back to default profiles: default
2019-01-29 21:29:21.280  INFO 6416 --- [main] o.s.b.w.embedded.tomcat.TomcatWebServer  : Tomcat initialized with port(s): 8080 (http)
2019-01-29 21:29:21.308  INFO 6416 --- [main] o.apache.catalina.core.StandardService   : Starting service [Tomcat]
2019-01-29 21:29:21.308  INFO 6416 --- [main] org.apache.catalina.core.StandardEngine  : Starting Servlet engine: [Apache Tomcat/9.0.14]
2019-01-29 21:29:21.321  INFO 6416 --- [main] o.a.catalina.core.AprLifecycleListener   : The APR based Apache Tomcat Native library which allows optimal performance in production environments was not found on the java.library.path: [C:\Program Files\Java\jdk1.8.0_162\bin;C:\WINDOWS\Sun\Java\bin;C:\WINDOWS\system32;C:\WINDOWS;E:\临时\;C:\ProgramData\Oracle\Java\javapath;C:\Program Files (x86)\Java\jdk1.6.0_22\bin;C:\Program Files (x86)\Java\jre6\bin;C:\WINDOWS\system32;C:\WINDOWS;C:\WINDOWS\System32\Wbem;C:\WINDOWS\System32\WindowsPowerShell\v1.0\;C:\Program Files\Intel\Intel(R) Management Engine Components\DAL;C:\Program Files\Intel\Intel(R) Management Engine Components\IPT;C:\Program Files (x86)\Intel\Intel(R) Management Engine Components\DAL;C:\Program Files (x86)\Intel\Intel(R) Management Engine Components\IPT;C:\Program Files (x86)\ATI Technologies\ATI.ACE\Core-Static;C:\Program Files (x86)\NVIDIA Corporation\PhysX\Common;C:\Program Files\Intel\WiFi\bin\;C:\Program Files\Common Files\Intel\WirelessCommon\;C:\Program Files (x86)\MySQL\MySQL Fabric 1.5 & MySQL Utilities 1.5\;C:\Program Files (x86)\MySQL\MySQL Fabric 1.5 & MySQL Utilities 1.5\Doctrine extensions for PHP\;D:\svnInstall\bin;C:\Program Files\MySQL\MySQL Server 5.6\bin;%JAVA_HOME%\bin;%JAVA_HOME%\jre\bin;E:\安装\Git\cmd;E:\tools\apache-maven-3.5.3\bin;E:\安装\tortoiseGit\bin;C:\Users\yuemingdeng\AppData\Local\Programs\Python\Python36-32\Scripts\;C:\Users\yuemingdeng\AppData\Local\Programs\Python\Python36-32\;C:\Users\yuemingdeng\AppData\Local\Microsoft\WindowsApps;E:\tools\apache-maven-3.5.3\bin;C:\Program Files\MySQL\MySQL Server 5.6\bin;C:\Program Files\Java\jdk1.8.0_162\bin;C:\Program Files\Java\jdk1.8.0_162\jre\bin;E:\redisFile\redis-2.4.5-win32-win64\64bit;.]
2019-01-29 21:29:21.443  INFO 6416 --- [main] o.a.c.c.C.[Tomcat].[localhost].[/]       : Initializing Spring embedded WebApplicationContext
2019-01-29 21:29:21.443  INFO 6416 --- [main] o.s.web.context.ContextLoader            : Root WebApplicationContext: initialization completed in 1987 ms
2019-01-29 21:29:22.043  INFO 6416 --- [main] o.s.s.concurrent.ThreadPoolTaskExecutor  : Initializing ExecutorService 'applicationTaskExecutor'
2019-01-29 21:29:22.355  INFO 6416 --- [main] o.s.b.w.embedded.tomcat.TomcatWebServer  : Tomcat started on port(s): 8080 (http) with context path ''
2019-01-29 21:29:22.359  INFO 6416 --- [main] com.example.demoMbaits.Application       : Started Application in 3.377 seconds (JVM running for 3.834)
2019-01-29 21:29:33.117  INFO 6416 --- [http-nio-8080-exec-2] o.a.c.c.C.[Tomcat].[localhost].[/]       : Initializing Spring DispatcherServlet 'dispatcherServlet'
2019-01-29 21:29:33.118  INFO 6416 --- [http-nio-8080-exec-2] o.s.web.servlet.DispatcherServlet        : Initializing Servlet 'dispatcherServlet'
2019-01-29 21:29:33.126  INFO 6416 --- [http-nio-8080-exec-2] o.s.web.servlet.DispatcherServlet        : Completed initialization in 8 ms
2019-01-29 21:30:05.288  INFO 7844 --- [main] com.example.demoMbaits.Application       : Starting Application on LAPTOP-DJ4NAUS9 with PID 7844 (E:\iedaWorkspace\demoMbaits\target\classes started by yuemingdeng in E:\iedaWorkspace\demoMbaits)
2019-01-29 21:30:05.292  INFO 7844 --- [main] com.example.demoMbaits.Application       : No active profile set, falling back to default profiles: default
2019-01-29 21:30:07.356  INFO 7844 --- [main] o.s.b.w.embedded.tomcat.TomcatWebServer  : Tomcat initialized with port(s): 8080 (http)
2019-01-29 21:30:07.396  INFO 7844 --- [main] o.apache.catalina.core.StandardService   : Starting service [Tomcat]
2019-01-29 21:30:07.396  INFO 7844 --- [main] org.apache.catalina.core.StandardEngine  : Starting Servlet engine: [Apache Tomcat/9.0.14]
2019-01-29 21:30:07.408  INFO 7844 --- [main] o.a.catalina.core.AprLifecycleListener   : The APR based Apache Tomcat Native library which allows optimal performance in production environments was not found on the java.library.path: [C:\Program Files\Java\jdk1.8.0_162\bin;C:\WINDOWS\Sun\Java\bin;C:\WINDOWS\system32;C:\WINDOWS;E:\临时\;C:\ProgramData\Oracle\Java\javapath;C:\Program Files (x86)\Java\jdk1.6.0_22\bin;C:\Program Files (x86)\Java\jre6\bin;C:\WINDOWS\system32;C:\WINDOWS;C:\WINDOWS\System32\Wbem;C:\WINDOWS\System32\WindowsPowerShell\v1.0\;C:\Program Files\Intel\Intel(R) Management Engine Components\DAL;C:\Program Files\Intel\Intel(R) Management Engine Components\IPT;C:\Program Files (x86)\Intel\Intel(R) Management Engine Components\DAL;C:\Program Files (x86)\Intel\Intel(R) Management Engine Components\IPT;C:\Program Files (x86)\ATI Technologies\ATI.ACE\Core-Static;C:\Program Files (x86)\NVIDIA Corporation\PhysX\Common;C:\Program Files\Intel\WiFi\bin\;C:\Program Files\Common Files\Intel\WirelessCommon\;C:\Program Files (x86)\MySQL\MySQL Fabric 1.5 & MySQL Utilities 1.5\;C:\Program Files (x86)\MySQL\MySQL Fabric 1.5 & MySQL Utilities 1.5\Doctrine extensions for PHP\;D:\svnInstall\bin;C:\Program Files\MySQL\MySQL Server 5.6\bin;%JAVA_HOME%\bin;%JAVA_HOME%\jre\bin;E:\安装\Git\cmd;E:\tools\apache-maven-3.5.3\bin;E:\安装\tortoiseGit\bin;C:\Users\yuemingdeng\AppData\Local\Programs\Python\Python36-32\Scripts\;C:\Users\yuemingdeng\AppData\Local\Programs\Python\Python36-32\;C:\Users\yuemingdeng\AppData\Local\Microsoft\WindowsApps;E:\tools\apache-maven-3.5.3\bin;C:\Program Files\MySQL\MySQL Server 5.6\bin;C:\Program Files\Java\jdk1.8.0_162\bin;C:\Program Files\Java\jdk1.8.0_162\jre\bin;E:\redisFile\redis-2.4.5-win32-win64\64bit;.]
2019-01-29 21:30:07.553  INFO 7844 --- [main] o.a.c.c.C.[Tomcat].[localhost].[/]       : Initializing Spring embedded WebApplicationContext
2019-01-29 21:30:07.553  INFO 7844 --- [main] o.s.web.context.ContextLoader            : Root WebApplicationContext: initialization completed in 2170 ms
2019-01-29 21:30:08.403  INFO 7844 --- [main] o.s.s.concurrent.ThreadPoolTaskExecutor  : Initializing ExecutorService 'applicationTaskExecutor'
2019-01-29 21:30:08.854  INFO 7844 --- [main] o.s.b.w.embedded.tomcat.TomcatWebServer  : Tomcat started on port(s): 8080 (http) with context path ''
2019-01-29 21:30:08.873  INFO 7844 --- [main] com.example.demoMbaits.Application       : Started Application in 4.097 seconds (JVM running for 4.583)
2019-01-29 21:30:20.577  INFO 7844 --- [http-nio-8080-exec-4] o.a.c.c.C.[Tomcat].[localhost].[/]       : Initializing Spring DispatcherServlet 'dispatcherServlet'
2019-01-29 21:30:20.578  INFO 7844 --- [http-nio-8080-exec-4] o.s.web.servlet.DispatcherServlet        : Initializing Servlet 'dispatcherServlet'
2019-01-29 21:30:20.585  INFO 7844 --- [http-nio-8080-exec-4] o.s.web.servlet.DispatcherServlet        : Completed initialization in 7 ms
2019-01-29 21:30:56.423  INFO 9352 --- [main] com.example.demoMbaits.Application       : Starting Application on LAPTOP-DJ4NAUS9 with PID 9352 (E:\iedaWorkspace\demoMbaits\target\classes started by yuemingdeng in E:\iedaWorkspace\demoMbaits)
2019-01-29 21:30:56.428  INFO 9352 --- [main] com.example.demoMbaits.Application       : No active profile set, falling back to default profiles: default
2019-01-29 21:30:58.082  INFO 9352 --- [main] o.s.b.w.embedded.tomcat.TomcatWebServer  : Tomcat initialized with port(s): 8080 (http)
2019-01-29 21:30:58.112  INFO 9352 --- [main] o.apache.catalina.core.StandardService   : Starting service [Tomcat]
2019-01-29 21:30:58.112  INFO 9352 --- [main] org.apache.catalina.core.StandardEngine  : Starting Servlet engine: [Apache Tomcat/9.0.14]
2019-01-29 21:30:58.122  INFO 9352 --- [main] o.a.catalina.core.AprLifecycleListener   : The APR based Apache Tomcat Native library which allows optimal performance in production environments was not found on the java.library.path: [C:\Program Files\Java\jdk1.8.0_162\bin;C:\WINDOWS\Sun\Java\bin;C:\WINDOWS\system32;C:\WINDOWS;E:\临时\;C:\ProgramData\Oracle\Java\javapath;C:\Program Files (x86)\Java\jdk1.6.0_22\bin;C:\Program Files (x86)\Java\jre6\bin;C:\WINDOWS\system32;C:\WINDOWS;C:\WINDOWS\System32\Wbem;C:\WINDOWS\System32\WindowsPowerShell\v1.0\;C:\Program Files\Intel\Intel(R) Management Engine Components\DAL;C:\Program Files\Intel\Intel(R) Management Engine Components\IPT;C:\Program Files (x86)\Intel\Intel(R) Management Engine Components\DAL;C:\Program Files (x86)\Intel\Intel(R) Management Engine Components\IPT;C:\Program Files (x86)\ATI Technologies\ATI.ACE\Core-Static;C:\Program Files (x86)\NVIDIA Corporation\PhysX\Common;C:\Program Files\Intel\WiFi\bin\;C:\Program Files\Common Files\Intel\WirelessCommon\;C:\Program Files (x86)\MySQL\MySQL Fabric 1.5 & MySQL Utilities 1.5\;C:\Program Files (x86)\MySQL\MySQL Fabric 1.5 & MySQL Utilities 1.5\Doctrine extensions for PHP\;D:\svnInstall\bin;C:\Program Files\MySQL\MySQL Server 5.6\bin;%JAVA_HOME%\bin;%JAVA_HOME%\jre\bin;E:\安装\Git\cmd;E:\tools\apache-maven-3.5.3\bin;E:\安装\tortoiseGit\bin;C:\Users\yuemingdeng\AppData\Local\Programs\Python\Python36-32\Scripts\;C:\Users\yuemingdeng\AppData\Local\Programs\Python\Python36-32\;C:\Users\yuemingdeng\AppData\Local\Microsoft\WindowsApps;E:\tools\apache-maven-3.5.3\bin;C:\Program Files\MySQL\MySQL Server 5.6\bin;C:\Program Files\Java\jdk1.8.0_162\bin;C:\Program Files\Java\jdk1.8.0_162\jre\bin;E:\redisFile\redis-2.4.5-win32-win64\64bit;.]
2019-01-29 21:30:58.267  INFO 9352 --- [main] o.a.c.c.C.[Tomcat].[localhost].[/]       : Initializing Spring embedded WebApplicationContext
2019-01-29 21:30:58.267  INFO 9352 --- [main] o.s.web.context.ContextLoader            : Root WebApplicationContext: initialization completed in 1765 ms
2019-01-29 21:30:58.883  INFO 9352 --- [main] o.s.s.concurrent.ThreadPoolTaskExecutor  : Initializing ExecutorService 'applicationTaskExecutor'
2019-01-29 21:30:59.209  INFO 9352 --- [main] o.s.b.w.embedded.tomcat.TomcatWebServer  : Tomcat started on port(s): 8080 (http) with context path ''
2019-01-29 21:30:59.213  INFO 9352 --- [main] com.example.demoMbaits.Application       : Started Application in 3.216 seconds (JVM running for 3.737)
2019-01-29 21:31:06.370  INFO 9352 --- [http-nio-8080-exec-2] o.a.c.c.C.[Tomcat].[localhost].[/]       : Initializing Spring DispatcherServlet 'dispatcherServlet'
2019-01-29 21:31:06.371  INFO 9352 --- [http-nio-8080-exec-2] o.s.web.servlet.DispatcherServlet        : Initializing Servlet 'dispatcherServlet'
2019-01-29 21:31:06.378  INFO 9352 --- [http-nio-8080-exec-2] o.s.web.servlet.DispatcherServlet        : Completed initialization in 7 ms
2019-01-29 21:32:03.957  INFO 1972 --- [main] com.example.demoMbaits.Application       : Starting Application on LAPTOP-DJ4NAUS9 with PID 1972 (E:\iedaWorkspace\demoMbaits\target\classes started by yuemingdeng in E:\iedaWorkspace\demoMbaits)
2019-01-29 21:32:03.963  INFO 1972 --- [main] com.example.demoMbaits.Application       : No active profile set, falling back to default profiles: default
2019-01-29 21:32:05.786  INFO 1972 --- [main] o.s.b.w.embedded.tomcat.TomcatWebServer  : Tomcat initialized with port(s): 8080 (http)
2019-01-29 21:32:05.814  INFO 1972 --- [main] o.apache.catalina.core.StandardService   : Starting service [Tomcat]
2019-01-29 21:32:05.815  INFO 1972 --- [main] org.apache.catalina.core.StandardEngine  : Starting Servlet engine: [Apache Tomcat/9.0.14]
2019-01-29 21:32:05.824  INFO 1972 --- [main] o.a.catalina.core.AprLifecycleListener   : The APR based Apache Tomcat Native library which allows optimal performance in production environments was not found on the java.library.path: [C:\Program Files\Java\jdk1.8.0_162\bin;C:\WINDOWS\Sun\Java\bin;C:\WINDOWS\system32;C:\WINDOWS;E:\临时\;C:\ProgramData\Oracle\Java\javapath;C:\Program Files (x86)\Java\jdk1.6.0_22\bin;C:\Program Files (x86)\Java\jre6\bin;C:\WINDOWS\system32;C:\WINDOWS;C:\WINDOWS\System32\Wbem;C:\WINDOWS\System32\WindowsPowerShell\v1.0\;C:\Program Files\Intel\Intel(R) Management Engine Components\DAL;C:\Program Files\Intel\Intel(R) Management Engine Components\IPT;C:\Program Files (x86)\Intel\Intel(R) Management Engine Components\DAL;C:\Program Files (x86)\Intel\Intel(R) Management Engine Components\IPT;C:\Program Files (x86)\ATI Technologies\ATI.ACE\Core-Static;C:\Program Files (x86)\NVIDIA Corporation\PhysX\Common;C:\Program Files\Intel\WiFi\bin\;C:\Program Files\Common Files\Intel\WirelessCommon\;C:\Program Files (x86)\MySQL\MySQL Fabric 1.5 & MySQL Utilities 1.5\;C:\Program Files (x86)\MySQL\MySQL Fabric 1.5 & MySQL Utilities 1.5\Doctrine extensions for PHP\;D:\svnInstall\bin;C:\Program Files\MySQL\MySQL Server 5.6\bin;%JAVA_HOME%\bin;%JAVA_HOME%\jre\bin;E:\安装\Git\cmd;E:\tools\apache-maven-3.5.3\bin;E:\安装\tortoiseGit\bin;C:\Users\yuemingdeng\AppData\Local\Programs\Python\Python36-32\Scripts\;C:\Users\yuemingdeng\AppData\Local\Programs\Python\Python36-32\;C:\Users\yuemingdeng\AppData\Local\Microsoft\WindowsApps;E:\tools\apache-maven-3.5.3\bin;C:\Program Files\MySQL\MySQL Server 5.6\bin;C:\Program Files\Java\jdk1.8.0_162\bin;C:\Program Files\Java\jdk1.8.0_162\jre\bin;E:\redisFile\redis-2.4.5-win32-win64\64bit;.]
2019-01-29 21:32:05.936  INFO 1972 --- [main] o.a.c.c.C.[Tomcat].[localhost].[/]       : Initializing Spring embedded WebApplicationContext
2019-01-29 21:32:05.936  INFO 1972 --- [main] o.s.web.context.ContextLoader            : Root WebApplicationContext: initialization completed in 1905 ms
2019-01-29 21:32:06.538  INFO 1972 --- [main] o.s.s.concurrent.ThreadPoolTaskExecutor  : Initializing ExecutorService 'applicationTaskExecutor'
2019-01-29 21:32:06.844  INFO 1972 --- [main] o.s.b.w.embedded.tomcat.TomcatWebServer  : Tomcat started on port(s): 8080 (http) with context path ''
2019-01-29 21:32:06.848  INFO 1972 --- [main] com.example.demoMbaits.Application       : Started Application in 3.358 seconds (JVM running for 3.883)
2019-01-29 21:32:15.292  INFO 1972 --- [http-nio-8080-exec-2] o.a.c.c.C.[Tomcat].[localhost].[/]       : Initializing Spring DispatcherServlet 'dispatcherServlet'
2019-01-29 21:32:15.293  INFO 1972 --- [http-nio-8080-exec-2] o.s.web.servlet.DispatcherServlet        : Initializing Servlet 'dispatcherServlet'
2019-01-29 21:32:15.299  INFO 1972 --- [http-nio-8080-exec-2] o.s.web.servlet.DispatcherServlet        : Completed initialization in 6 ms
2019-01-29 21:35:37.797  INFO 13204 --- [main] com.example.demoMbaits.Application       : Starting Application on LAPTOP-DJ4NAUS9 with PID 13204 (E:\iedaWorkspace\demoMbaits\target\classes started by yuemingdeng in E:\iedaWorkspace\demoMbaits)
2019-01-29 21:35:37.801  INFO 13204 --- [main] com.example.demoMbaits.Application       : No active profile set, falling back to default profiles: default
2019-01-29 21:35:39.558  INFO 13204 --- [main] o.s.b.w.embedded.tomcat.TomcatWebServer  : Tomcat initialized with port(s): 8080 (http)
2019-01-29 21:35:39.588  INFO 13204 --- [main] o.apache.catalina.core.StandardService   : Starting service [Tomcat]
2019-01-29 21:35:39.588  INFO 13204 --- [main] org.apache.catalina.core.StandardEngine  : Starting Servlet engine: [Apache Tomcat/9.0.14]
2019-01-29 21:35:39.599  INFO 13204 --- [main] o.a.catalina.core.AprLifecycleListener   : The APR based Apache Tomcat Native library which allows optimal performance in production environments was not found on the java.library.path: [C:\Program Files\Java\jdk1.8.0_162\bin;C:\WINDOWS\Sun\Java\bin;C:\WINDOWS\system32;C:\WINDOWS;E:\临时\;C:\ProgramData\Oracle\Java\javapath;C:\Program Files (x86)\Java\jdk1.6.0_22\bin;C:\Program Files (x86)\Java\jre6\bin;C:\WINDOWS\system32;C:\WINDOWS;C:\WINDOWS\System32\Wbem;C:\WINDOWS\System32\WindowsPowerShell\v1.0\;C:\Program Files\Intel\Intel(R) Management Engine Components\DAL;C:\Program Files\Intel\Intel(R) Management Engine Components\IPT;C:\Program Files (x86)\Intel\Intel(R) Management Engine Components\DAL;C:\Program Files (x86)\Intel\Intel(R) Management Engine Components\IPT;C:\Program Files (x86)\ATI Technologies\ATI.ACE\Core-Static;C:\Program Files (x86)\NVIDIA Corporation\PhysX\Common;C:\Program Files\Intel\WiFi\bin\;C:\Program Files\Common Files\Intel\WirelessCommon\;C:\Program Files (x86)\MySQL\MySQL Fabric 1.5 & MySQL Utilities 1.5\;C:\Program Files (x86)\MySQL\MySQL Fabric 1.5 & MySQL Utilities 1.5\Doctrine extensions for PHP\;D:\svnInstall\bin;C:\Program Files\MySQL\MySQL Server 5.6\bin;%JAVA_HOME%\bin;%JAVA_HOME%\jre\bin;E:\安装\Git\cmd;E:\tools\apache-maven-3.5.3\bin;E:\安装\tortoiseGit\bin;C:\Users\yuemingdeng\AppData\Local\Programs\Python\Python36-32\Scripts\;C:\Users\yuemingdeng\AppData\Local\Programs\Python\Python36-32\;C:\Users\yuemingdeng\AppData\Local\Microsoft\WindowsApps;E:\tools\apache-maven-3.5.3\bin;C:\Program Files\MySQL\MySQL Server 5.6\bin;C:\Program Files\Java\jdk1.8.0_162\bin;C:\Program Files\Java\jdk1.8.0_162\jre\bin;E:\redisFile\redis-2.4.5-win32-win64\64bit;.]
2019-01-29 21:35:39.723  INFO 13204 --- [main] o.a.c.c.C.[Tomcat].[localhost].[/]       : Initializing Spring embedded WebApplicationContext
2019-01-29 21:35:39.723  INFO 13204 --- [main] o.s.web.context.ContextLoader            : Root WebApplicationContext: initialization completed in 1847 ms
2019-01-29 21:35:40.347  INFO 13204 --- [main] o.s.s.concurrent.ThreadPoolTaskExecutor  : Initializing ExecutorService 'applicationTaskExecutor'
2019-01-29 21:35:40.807  INFO 13204 --- [main] o.s.b.w.embedded.tomcat.TomcatWebServer  : Tomcat started on port(s): 8080 (http) with context path ''
2019-01-29 21:35:40.813  INFO 13204 --- [main] com.example.demoMbaits.Application       : Started Application in 3.45 seconds (JVM running for 3.933)
2019-01-29 21:36:07.359  INFO 15944 --- [main] com.example.demoMbaits.Application       : Starting Application on LAPTOP-DJ4NAUS9 with PID 15944 (E:\iedaWorkspace\demoMbaits\target\classes started by yuemingdeng in E:\iedaWorkspace\demoMbaits)
2019-01-29 21:36:07.363  INFO 15944 --- [main] com.example.demoMbaits.Application       : No active profile set, falling back to default profiles: default
2019-01-29 21:36:09.294  INFO 15944 --- [main] o.s.b.w.embedded.tomcat.TomcatWebServer  : Tomcat initialized with port(s): 8080 (http)
2019-01-29 21:36:09.327  INFO 15944 --- [main] o.apache.catalina.core.StandardService   : Starting service [Tomcat]
2019-01-29 21:36:09.327  INFO 15944 --- [main] org.apache.catalina.core.StandardEngine  : Starting Servlet engine: [Apache Tomcat/9.0.14]
2019-01-29 21:36:09.338  INFO 15944 --- [main] o.a.catalina.core.AprLifecycleListener   : The APR based Apache Tomcat Native library which allows optimal performance in production environments was not found on the java.library.path: [C:\Program Files\Java\jdk1.8.0_162\bin;C:\WINDOWS\Sun\Java\bin;C:\WINDOWS\system32;C:\WINDOWS;E:\临时\;C:\ProgramData\Oracle\Java\javapath;C:\Program Files (x86)\Java\jdk1.6.0_22\bin;C:\Program Files (x86)\Java\jre6\bin;C:\WINDOWS\system32;C:\WINDOWS;C:\WINDOWS\System32\Wbem;C:\WINDOWS\System32\WindowsPowerShell\v1.0\;C:\Program Files\Intel\Intel(R) Management Engine Components\DAL;C:\Program Files\Intel\Intel(R) Management Engine Components\IPT;C:\Program Files (x86)\Intel\Intel(R) Management Engine Components\DAL;C:\Program Files (x86)\Intel\Intel(R) Management Engine Components\IPT;C:\Program Files (x86)\ATI Technologies\ATI.ACE\Core-Static;C:\Program Files (x86)\NVIDIA Corporation\PhysX\Common;C:\Program Files\Intel\WiFi\bin\;C:\Program Files\Common Files\Intel\WirelessCommon\;C:\Program Files (x86)\MySQL\MySQL Fabric 1.5 & MySQL Utilities 1.5\;C:\Program Files (x86)\MySQL\MySQL Fabric 1.5 & MySQL Utilities 1.5\Doctrine extensions for PHP\;D:\svnInstall\bin;C:\Program Files\MySQL\MySQL Server 5.6\bin;%JAVA_HOME%\bin;%JAVA_HOME%\jre\bin;E:\安装\Git\cmd;E:\tools\apache-maven-3.5.3\bin;E:\安装\tortoiseGit\bin;C:\Users\yuemingdeng\AppData\Local\Programs\Python\Python36-32\Scripts\;C:\Users\yuemingdeng\AppData\Local\Programs\Python\Python36-32\;C:\Users\yuemingdeng\AppData\Local\Microsoft\WindowsApps;E:\tools\apache-maven-3.5.3\bin;C:\Program Files\MySQL\MySQL Server 5.6\bin;C:\Program Files\Java\jdk1.8.0_162\bin;C:\Program Files\Java\jdk1.8.0_162\jre\bin;E:\redisFile\redis-2.4.5-win32-win64\64bit;.]
2019-01-29 21:36:09.472  INFO 15944 --- [main] o.a.c.c.C.[Tomcat].[localhost].[/]       : Initializing Spring embedded WebApplicationContext
2019-01-29 21:36:09.472  INFO 15944 --- [main] o.s.web.context.ContextLoader            : Root WebApplicationContext: initialization completed in 2053 ms
2019-01-29 21:36:10.075  INFO 15944 --- [main] o.s.s.concurrent.ThreadPoolTaskExecutor  : Initializing ExecutorService 'applicationTaskExecutor'
2019-01-29 21:36:10.406  INFO 15944 --- [main] o.s.b.w.embedded.tomcat.TomcatWebServer  : Tomcat started on port(s): 8080 (http) with context path ''
2019-01-29 21:36:10.411  INFO 15944 --- [main] com.example.demoMbaits.Application       : Started Application in 3.477 seconds (JVM running for 3.942)
2019-01-29 21:42:29.400  INFO 14676 --- [main] com.example.demoMbaits.Application       : Starting Application on LAPTOP-DJ4NAUS9 with PID 14676 (E:\iedaWorkspace\demoMbaits\target\classes started by yuemingdeng in E:\iedaWorkspace\demoMbaits)
2019-01-29 21:42:29.404  INFO 14676 --- [main] com.example.demoMbaits.Application       : No active profile set, falling back to default profiles: default
2019-01-29 21:42:31.088  INFO 14676 --- [main] o.s.b.w.embedded.tomcat.TomcatWebServer  : Tomcat initialized with port(s): 8080 (http)
2019-01-29 21:42:31.117  INFO 14676 --- [main] o.apache.catalina.core.StandardService   : Starting service [Tomcat]
2019-01-29 21:42:31.118  INFO 14676 --- [main] org.apache.catalina.core.StandardEngine  : Starting Servlet engine: [Apache Tomcat/9.0.14]
2019-01-29 21:42:31.130  INFO 14676 --- [main] o.a.catalina.core.AprLifecycleListener   : The APR based Apache Tomcat Native library which allows optimal performance in production environments was not found on the java.library.path: [C:\Program Files\Java\jdk1.8.0_162\bin;C:\WINDOWS\Sun\Java\bin;C:\WINDOWS\system32;C:\WINDOWS;E:\临时\;C:\ProgramData\Oracle\Java\javapath;C:\Program Files (x86)\Java\jdk1.6.0_22\bin;C:\Program Files (x86)\Java\jre6\bin;C:\WINDOWS\system32;C:\WINDOWS;C:\WINDOWS\System32\Wbem;C:\WINDOWS\System32\WindowsPowerShell\v1.0\;C:\Program Files\Intel\Intel(R) Management Engine Components\DAL;C:\Program Files\Intel\Intel(R) Management Engine Components\IPT;C:\Program Files (x86)\Intel\Intel(R) Management Engine Components\DAL;C:\Program Files (x86)\Intel\Intel(R) Management Engine Components\IPT;C:\Program Files (x86)\ATI Technologies\ATI.ACE\Core-Static;C:\Program Files (x86)\NVIDIA Corporation\PhysX\Common;C:\Program Files\Intel\WiFi\bin\;C:\Program Files\Common Files\Intel\WirelessCommon\;C:\Program Files (x86)\MySQL\MySQL Fabric 1.5 & MySQL Utilities 1.5\;C:\Program Files (x86)\MySQL\MySQL Fabric 1.5 & MySQL Utilities 1.5\Doctrine extensions for PHP\;D:\svnInstall\bin;C:\Program Files\MySQL\MySQL Server 5.6\bin;%JAVA_HOME%\bin;%JAVA_HOME%\jre\bin;E:\安装\Git\cmd;E:\tools\apache-maven-3.5.3\bin;E:\安装\tortoiseGit\bin;C:\Users\yuemingdeng\AppData\Local\Programs\Python\Python36-32\Scripts\;C:\Users\yuemingdeng\AppData\Local\Programs\Python\Python36-32\;C:\Users\yuemingdeng\AppData\Local\Microsoft\WindowsApps;E:\tools\apache-maven-3.5.3\bin;C:\Program Files\MySQL\MySQL Server 5.6\bin;C:\Program Files\Java\jdk1.8.0_162\bin;C:\Program Files\Java\jdk1.8.0_162\jre\bin;E:\redisFile\redis-2.4.5-win32-win64\64bit;.]
2019-01-29 21:42:31.253  INFO 14676 --- [main] o.a.c.c.C.[Tomcat].[localhost].[/]       : Initializing Spring embedded WebApplicationContext
2019-01-29 21:42:31.253  INFO 14676 --- [main] o.s.web.context.ContextLoader            : Root WebApplicationContext: initialization completed in 1796 ms
2019-01-29 21:42:31.829  INFO 14676 --- [main] o.s.s.concurrent.ThreadPoolTaskExecutor  : Initializing ExecutorService 'applicationTaskExecutor'
2019-01-29 21:42:32.161  INFO 14676 --- [main] o.s.b.w.embedded.tomcat.TomcatWebServer  : Tomcat started on port(s): 8080 (http) with context path ''
2019-01-29 21:42:32.165  INFO 14676 --- [main] com.example.demoMbaits.Application       : Started Application in 3.204 seconds (JVM running for 3.767)
