2019-02-21 11:29:37.997  INFO 4072 --- [main] com.example.demoMbaits.Application       : Starting Application on LAPTOP-DJ4NAUS9 with PID 4072 (E:\iedaWorkspace\demoMbaits\target\classes started by yuemingdeng in E:\iedaWorkspace\demoMbaits)
2019-02-21 11:29:38.014  INFO 4072 --- [main] com.example.demoMbaits.Application       : No active profile set, falling back to default profiles: default
2019-02-21 11:29:39.393  INFO 4072 --- [main] .s.d.r.c.RepositoryConfigurationDelegate : Multiple Spring Data modules found, entering strict repository configuration mode!
2019-02-21 11:29:39.398  INFO 4072 --- [main] .s.d.r.c.RepositoryConfigurationDelegate : Bootstrapping Spring Data repositories in DEFAULT mode.
2019-02-21 11:29:39.443  INFO 4072 --- [main] .s.d.r.c.RepositoryConfigurationDelegate : Finished Spring Data repository scanning in 15ms. Found 0 repository interfaces.
2019-02-21 11:29:39.910  INFO 4072 --- [main] trationDelegate$BeanPostProcessorChecker : Bean 'org.springframework.transaction.annotation.ProxyTransactionManagementConfiguration' of type [org.springframework.transaction.annotation.ProxyTransactionManagementConfiguration$$EnhancerBySpringCGLIB$$5d1e7b8c] is not eligible for getting processed by all BeanPostProcessors (for example: not eligible for auto-proxying)
2019-02-21 11:29:40.499  INFO 4072 --- [main] o.s.b.w.embedded.tomcat.TomcatWebServer  : Tomcat initialized with port(s): 8080 (http)
2019-02-21 11:29:40.524  INFO 4072 --- [main] o.apache.catalina.core.StandardService   : Starting service [Tomcat]
2019-02-21 11:29:40.525  INFO 4072 --- [main] org.apache.catalina.core.StandardEngine  : Starting Servlet Engine: Apache Tomcat/9.0.12
2019-02-21 11:29:40.536  INFO 4072 --- [main] o.a.catalina.core.AprLifecycleListener   : The APR based Apache Tomcat Native library which allows optimal performance in production environments was not found on the java.library.path: [C:\Program Files\Java\jdk1.8.0_162\bin;C:\WINDOWS\Sun\Java\bin;C:\WINDOWS\system32;C:\WINDOWS;E:\临时\;C:\ProgramData\Oracle\Java\javapath;C:\Program Files (x86)\Java\jdk1.6.0_22\bin;C:\Program Files (x86)\Java\jre6\bin;C:\WINDOWS\system32;C:\WINDOWS;C:\WINDOWS\System32\Wbem;C:\WINDOWS\System32\WindowsPowerShell\v1.0\;C:\Program Files\Intel\Intel(R) Management Engine Components\DAL;C:\Program Files\Intel\Intel(R) Management Engine Components\IPT;C:\Program Files (x86)\Intel\Intel(R) Management Engine Components\DAL;C:\Program Files (x86)\Intel\Intel(R) Management Engine Components\IPT;C:\Program Files (x86)\ATI Technologies\ATI.ACE\Core-Static;C:\Program Files (x86)\NVIDIA Corporation\PhysX\Common;C:\Program Files\Intel\WiFi\bin\;C:\Program Files\Common Files\Intel\WirelessCommon\;C:\Program Files (x86)\MySQL\MySQL Fabric 1.5 & MySQL Utilities 1.5\;C:\Program Files (x86)\MySQL\MySQL Fabric 1.5 & MySQL Utilities 1.5\Doctrine extensions for PHP\;D:\svnInstall\bin;C:\Program Files\MySQL\MySQL Server 5.6\bin;%JAVA_HOME%\bin;%JAVA_HOME%\jre\bin;E:\安装\Git\cmd;E:\tools\apache-maven-3.5.3\bin;E:\安装\tortoiseGit\bin;C:\Users\yuemingdeng\AppData\Local\Programs\Python\Python36-32\Scripts\;C:\Users\yuemingdeng\AppData\Local\Programs\Python\Python36-32\;C:\Users\yuemingdeng\AppData\Local\Microsoft\WindowsApps;E:\tools\apache-maven-3.5.3\bin;C:\Program Files\MySQL\MySQL Server 5.6\bin;C:\Program Files\Java\jdk1.8.0_162\bin;C:\Program Files\Java\jdk1.8.0_162\jre\bin;E:\redisFile\redis-2.4.5-win32-win64\64bit;.]
2019-02-21 11:29:40.665  INFO 4072 --- [main] o.a.c.c.C.[Tomcat].[localhost].[/]       : Initializing Spring embedded WebApplicationContext
2019-02-21 11:29:40.666  INFO 4072 --- [main] o.s.web.context.ContextLoader            : Root WebApplicationContext: initialization completed in 2594 ms
2019-02-21 11:29:40.727  INFO 4072 --- [main] o.s.b.w.servlet.FilterRegistrationBean   : Mapping filter: 'characterEncodingFilter' to: [/*]
2019-02-21 11:29:40.729  INFO 4072 --- [main] o.s.b.w.servlet.FilterRegistrationBean   : Mapping filter: 'hiddenHttpMethodFilter' to: [/*]
2019-02-21 11:29:40.731  INFO 4072 --- [main] o.s.b.w.servlet.FilterRegistrationBean   : Mapping filter: 'formContentFilter' to: [/*]
2019-02-21 11:29:40.731  INFO 4072 --- [main] o.s.b.w.servlet.FilterRegistrationBean   : Mapping filter: 'requestContextFilter' to: [/*]
2019-02-21 11:29:40.732  INFO 4072 --- [main] o.s.b.w.servlet.FilterRegistrationBean   : Mapping filter: 'MyFilter' to urls: [/*]
2019-02-21 11:29:40.732  INFO 4072 --- [main] o.s.b.w.servlet.FilterRegistrationBean   : Mapping filter: 'remoteIpFilter' to: [/*]
2019-02-21 11:29:40.732  INFO 4072 --- [main] o.s.b.w.servlet.ServletRegistrationBean  : Servlet dispatcherServlet mapped to [/]
2019-02-21 11:29:42.340  INFO 4072 --- [main] o.s.s.concurrent.ThreadPoolTaskExecutor  : Initializing ExecutorService 'applicationTaskExecutor'
2019-02-21 11:29:42.806  INFO 4072 --- [main] o.s.b.w.embedded.tomcat.TomcatWebServer  : Tomcat started on port(s): 8080 (http) with context path ''
2019-02-21 11:29:42.808  INFO 4072 --- [main] com.example.demoMbaits.Application       : Started Application in 5.434 seconds (JVM running for 6.07)
